TN:
SF:/Users/sugawara/siverti/src/components/Header/Header.js
FN:,(anonymous_0)
FNF:1
FNH:1
FNDA:3,(anonymous_0)
DA:5,1
DA:6,3
LF:2
LH:2
BRF:0
BRH:0
end_of_record
TN:
SF:/Users/sugawara/siverti/src/layouts/CoreLayout/CoreLayout.js
FN:,(anonymous_0)
FNF:1
FNH:1
FNDA:1,(anonymous_0)
DA:6,1
DA:7,1
DA:15,1
LF:3
LH:3
BRF:0
BRH:0
end_of_record
TN:
SF:/Users/sugawara/siverti/src/components/Header/index.js
FNF:0
FNH:0
LF:0
LH:0
BRF:0
BRH:0
end_of_record
TN:
SF:/Users/sugawara/siverti/src/routes/Counter/components/Counter.js
FN:,(anonymous_0)
FNF:1
FNH:1
FNDA:9,(anonymous_0)
DA:3,1
DA:4,9
DA:16,1
LF:3
LH:3
BRF:0
BRH:0
end_of_record
TN:
SF:/Users/sugawara/siverti/src/routes/Counter/index.js
FN:,(anonymous_0)
FN:,(anonymous_1)
FNF:2
FNH:1
FNDA:2,(anonymous_0)
FNDA:0,(anonymous_1)
DA:3,2
DA:9,0
DA:12,0
DA:13,0
DA:16,0
DA:19,0
LF:6
LH:1
BRF:0
BRH:0
end_of_record
TN:
SF:/Users/sugawara/siverti/src/store/reducers.js
FN:,(anonymous_0)
FN:,(anonymous_1)
FNF:2
FNH:1
FNDA:1,(anonymous_0)
FNDA:0,(anonymous_1)
DA:4,1
DA:5,1
DA:11,1
DA:12,0
DA:14,0
DA:15,0
LF:6
LH:3
BRDA:,0,0,0
BRDA:,0,1,0
BRF:2
BRH:0
end_of_record
TN:
SF:/Users/sugawara/siverti/src/store/location.js
FN:,locationChange
FN:,(anonymous_1)
FN:,(anonymous_2)
FN:,locationReducer
FNF:4
FNH:4
FNDA:5,locationChange
FNDA:3,(anonymous_1)
FNDA:1,(anonymous_2)
FNDA:13,locationReducer
DA:4,1
DA:10,5
DA:19,1
DA:20,3
DA:26,1
DA:28,13
LF:6
LH:6
BRDA:,0,0,2
BRDA:,1,0,8
BRDA:,2,0,3
BRDA:,2,1,10
BRF:4
BRH:4
end_of_record
TN:
SF:/Users/sugawara/siverti/src/routes/Counter/modules/counter.js
FN:,increment
FN:,(anonymous_1)
FN:,(anonymous_2)
FN:,(anonymous_3)
FN:,(anonymous_4)
FN:,(anonymous_5)
FN:,(anonymous_6)
FN:,counterReducer
FNF:8
FNH:8
FNDA:7,increment
FNDA:5,(anonymous_1)
FNDA:4,(anonymous_2)
FNDA:4,(anonymous_3)
FNDA:4,(anonymous_4)
FNDA:4,(anonymous_5)
FNDA:4,(anonymous_6)
FNDA:18,counterReducer
DA:4,1
DA:5,1
DA:11,7
DA:21,1
DA:22,5
DA:23,4
DA:24,4
DA:25,4
DA:29,4
DA:35,1
DA:43,1
DA:44,4
DA:45,4
DA:51,1
DA:53,18
DA:55,18
LF:16
LH:16
BRDA:,0,0,2
BRDA:,1,0,8
BRDA:,2,0,8
BRDA:,2,1,10
BRF:4
BRH:4
end_of_record
TN:
SF:/Users/sugawara/siverti/src/routes/Home/components/HomeView.js
FN:,(anonymous_0)
FNF:1
FNH:1
FNDA:4,(anonymous_0)
DA:5,1
DA:6,4
LF:2
LH:2
BRF:0
BRH:0
end_of_record
TN:
SF:/Users/sugawara/siverti/src/routes/Home/index.js
FNF:0
FNH:0
LF:0
LH:0
BRF:0
BRH:0
end_of_record
TN:
SF:/Users/sugawara/siverti/src/store/createStore.js
FN:,(anonymous_0)
FN:,(anonymous_1)
FNF:2
FNH:1
FNDA:1,(anonymous_0)
FNDA:0,(anonymous_1)
DA:11,1
DA:16,1
DA:18,1
DA:20,1
DA:21,0
DA:22,0
DA:23,0
DA:30,1
DA:38,1
DA:41,1
DA:43,1
DA:44,0
DA:45,0
DA:46,0
DA:50,1
LF:15
LH:9
BRDA:,0,0,1
BRDA:,1,0,0
BRDA:,1,1,1
BRDA:,2,0,0
BRDA:,2,1,0
BRDA:,3,0,0
BRDA:,3,1,1
BRF:7
BRH:3
end_of_record
TN:
SF:/Users/sugawara/siverti/src/containers/AppContainer.js
FN:,(anonymous_0)
FN:,(anonymous_1)
FNF:2
FNH:0
FNDA:0,(anonymous_0)
FNDA:0,(anonymous_1)
DA:12,0
DA:16,0
DA:18,0
LF:3
LH:0
BRF:0
BRH:0
end_of_record
TN:
SF:/Users/sugawara/siverti/src/layouts/CoreLayout/index.js
FNF:0
FNH:0
LF:0
LH:0
BRF:0
BRH:0
end_of_record
TN:
SF:/Users/sugawara/siverti/src/routes/Counter/containers/CounterContainer.js
FN:,(anonymous_0)
FN:,(anonymous_1)
FNF:2
FNH:0
FNDA:0,(anonymous_0)
FNDA:0,(anonymous_1)
DA:15,1
DA:16,0
DA:20,1
LF:3
LH:2
BRF:0
BRH:0
end_of_record
TN:
SF:/Users/sugawara/siverti/src/routes/index.js
FN:,(anonymous_0)
FNF:1
FNH:0
FNDA:0,(anonymous_0)
DA:9,1
LF:1
LH:1
BRF:0
BRH:0
end_of_record
